<?xml version="1.0" encoding="UTF-8"?>
<!-- Generated by org.testng.reporters.JUnitReportReporter -->
<testsuite hostname="DESKTOP-4098F1B" failures="0" tests="3" name="TestNG.GroupingTopic" time="0.015" errors="0" timestamp="2025-06-02T11:29:49 IST" skipped="0">
  <testcase classname="TestNG.GroupingTopic" name="three" time="0.001"/>
  <testcase classname="TestNG.GroupingTopic" name="four" time="0.013"/>
  <testcase classname="TestNG.GroupingTopic" name="one" time="0.001"/>
</testsuite> <!-- TestNG.GroupingTopic -->
