<?xml version="1.0" encoding="UTF-8"?>
<!-- Generated by org.testng.reporters.JUnitReportReporter -->
<testsuite hostname="DESKTOP-4098F1B" failures="0" tests="7" name="TestNG.DataProvider_Annotation" time="6.268" errors="0" timestamp="2025-05-28T05:56:14 IST" skipped="0">
  <testcase classname="TestNG.DataProvider_Annotation" name="login" time="2.553"/>
  <testcase classname="TestNG.DataProvider_Annotation" name="intDataProviderInputs" time="0.010">
    <system-out>
      <![CDATA[Sum value 190]]>
    </system-out>
  </testcase> <!-- intDataProviderInputs -->
  <testcase classname="TestNG.DataProvider_Annotation" name="login" time="3.694"/>
  <testcase classname="TestNG.DataProvider_Annotation" name="multipleInputsToSearch" time="0.008">
    <system-out>
      <![CDATA[Krishnagood human]]>
    </system-out>
  </testcase> <!-- multipleInputsToSearch -->
  <testcase classname="TestNG.DataProvider_Annotation" name="multipleInputsToSearch" time="0.001">
    <system-out>
      <![CDATA[Sujanigood human]]>
    </system-out>
  </testcase> <!-- multipleInputsToSearch -->
  <testcase classname="TestNG.DataProvider_Annotation" name="intDataProviderInputs" time="0.002">
    <system-out>
      <![CDATA[Sum value 146]]>
    </system-out>
  </testcase> <!-- intDataProviderInputs -->
  <testcase classname="TestNG.DataProvider_Annotation" name="multipleInputsToSearch" time="0.000">
    <system-out>
      <![CDATA[Ramgood human]]>
    </system-out>
  </testcase> <!-- multipleInputsToSearch -->
  <system-out>
    <![CDATA[Sum value 190
Sum value 146
Ramgood human
Sujanigood human
Krishnagood human]]>
  </system-out>
</testsuite> <!-- TestNG.DataProvider_Annotation -->
