<?xml version="1.0" encoding="UTF-8"?>
<!-- Generated by org.testng.reporters.JUnitReportReporter -->
<testsuite hostname="DESKTOP-4098F1B" failures="0" tests="2" name="TestNG.OrderOfAnn6" time="0.011" errors="0" timestamp="2025-05-21T17:10:34 IST" skipped="0">
  <testcase classname="TestNG.OrderOfAnn6" name="test5" time="0.002"/>
  <testcase classname="TestNG.OrderOfAnn6" name="test4" time="0.009"/>
</testsuite> <!-- TestNG.OrderOfAnn6 -->
