<?xml version="1.0" encoding="UTF-8"?>
<!-- Generated by org.testng.reporters.JUnitReportReporter -->
<testsuite hostname="DESKTOP-4098F1B" failures="0" tests="2" name="TestNG.OrderOfAnn4" time="0.018" errors="0" timestamp="2025-05-21T17:11:22 IST" skipped="0">
  <testcase classname="TestNG.OrderOfAnn4" name="test5" time="0.009"/>
  <testcase classname="TestNG.OrderOfAnn4" name="test4" time="0.009"/>
</testsuite> <!-- TestNG.OrderOfAnn4 -->
