<?xml version="1.0" encoding="UTF-8"?>
<!-- Generated by org.testng.reporters.JUnitReportReporter -->
<testsuite hostname="DESKTOP-4098F1B" failures="0" tests="2" name="TestNG.OrderOfAnn2" time="0.016" errors="0" timestamp="2025-05-21T17:08:24 IST" skipped="0">
  <testcase classname="TestNG.OrderOfAnn2" name="test2" time="0.012"/>
  <testcase classname="TestNG.OrderOfAnn2" name="test4" time="0.004"/>
</testsuite> <!-- TestNG.OrderOfAnn2 -->
