<?xml version="1.0" encoding="UTF-8"?>
<!-- Generated by org.testng.reporters.JUnitReportReporter -->
<testsuite hostname="usa0300vm3739" failures="0" tests="3" name="TestNG.DataProvider_LoginCredentials" time="27.761" errors="0" timestamp="2024-12-10T01:16:17 EST" skipped="0">
  <testcase classname="TestNG.DataProvider_LoginCredentials" name="login" time="5.746"/>
  <testcase classname="TestNG.DataProvider_LoginCredentials" name="login" time="17.804"/>
  <testcase classname="TestNG.DataProvider_LoginCredentials" name="login" time="4.211"/>
</testsuite> <!-- TestNG.DataProvider_LoginCredentials -->
