<?xml version="1.0" encoding="UTF-8"?>
<!-- Generated by org.testng.reporters.JUnitReportReporter -->
<testsuite hostname="usa0300vm3739" failures="0" tests="2" name="TestNG.BrowserSelection" time="18.132" errors="0" timestamp="2024-10-05T01:59:09 EDT" skipped="0">
  <testcase classname="TestNG.BrowserSelection" name="launch" time="5.635"/>
  <testcase classname="TestNG.BrowserSelection" name="launch" time="12.497"/>
</testsuite> <!-- TestNG.BrowserSelection -->
