<?xml version="1.0" encoding="UTF-8"?>
<!-- Generated by org.testng.reporters.JUnitReportReporter -->
<testsuite hostname="usa0300vm3739" failures="0" tests="4" name="TestNG.DataProvider_Annotation" time="0.010" errors="0" timestamp="2024-12-06T22:14:59 EST" skipped="0">
  <testcase classname="TestNG.DataProvider_Annotation" name="multipleInputsToSearch" time="0.001">
    <system-out>
      <![CDATA[Sujanigood human]]>
    </system-out>
  </testcase> <!-- multipleInputsToSearch -->
  <testcase classname="TestNG.DataProvider_Annotation" name="multipleInputsToSearch" time="0.001">
    <system-out>
      <![CDATA[Ramgood human]]>
    </system-out>
  </testcase> <!-- multipleInputsToSearch -->
  <testcase classname="TestNG.DataProvider_Annotation" name="intDataProviderInputs" time="0.005">
    <system-out>
      <![CDATA[Sum value 190]]>
    </system-out>
  </testcase> <!-- intDataProviderInputs -->
  <testcase classname="TestNG.DataProvider_Annotation" name="intDataProviderInputs" time="0.003">
    <system-out>
      <![CDATA[Sum value 146]]>
    </system-out>
  </testcase> <!-- intDataProviderInputs -->
  <system-out>
    <![CDATA[Sum value 190
Sum value 146
Ramgood human
Sujanigood human]]>
  </system-out>
</testsuite> <!-- TestNG.DataProvider_Annotation -->
