<?xml version="1.0" encoding="UTF-8"?>
<!-- Generated by org.testng.reporters.JUnitReportReporter -->
<testsuite hostname="INTEL_COREi3" name="TestNG.OrderOfAnn5" tests="4" failures="0" timestamp="25 Jul 2024 10:44:45 GMT" time="0.038" errors="0">
  <testcase name="addition" time="0.002" classname="TestNG.OrderOfAnn5"/>
  <testcase name="subtraction" time="0.001" classname="TestNG.OrderOfAnn5"/>
  <testcase name="act" time="0.028" classname="TestNG.OrderOfAnn5"/>
  <testcase name="home" time="0.007" classname="TestNG.OrderOfAnn5"/>
</testsuite> <!-- TestNG.OrderOfAnn5 -->
