<?xml version="1.0" encoding="UTF-8"?>
<!-- Generated by org.testng.reporters.JUnitReportReporter -->
<testsuite hostname="INTEL_COREi3" name="TestNG.OrderOfAnn6" tests="2" failures="0" timestamp="25 Jul 2024 10:37:31 GMT" time="0.017" errors="0">
  <testcase name="test4" time="0.016" classname="TestNG.OrderOfAnn6"/>
  <testcase name="test5" time="0.001" classname="TestNG.OrderOfAnn6"/>
</testsuite> <!-- TestNG.OrderOfAnn6 -->
