<?xml version="1.0" encoding="UTF-8"?>
<!-- Generated by org.testng.reporters.JUnitReportReporter -->
<testsuite hostname="usa0300vm3739" failures="0" tests="3" name="TestNG.GroupingTopic" time="0.010" errors="0" timestamp="2024-12-04T01:37:44 EST" skipped="0">
  <testcase classname="TestNG.GroupingTopic" name="one" time="0.001"/>
  <testcase classname="TestNG.GroupingTopic" name="three" time="0.003"/>
  <testcase classname="TestNG.GroupingTopic" name="four" time="0.006"/>
</testsuite> <!-- TestNG.GroupingTopic -->
