<?xml version="1.0" encoding="UTF-8"?>
<!-- Generated by org.testng.reporters.JUnitReportReporter -->
<testsuite hostname="DESKTOP-4098F1B" failures="0" tests="2" name="TestNG.Parallel_Testing" time="6.893" errors="0" timestamp="2025-06-02T11:25:39 IST" skipped="0">
  <testcase classname="TestNG.Parallel_Testing" name="fb_Login" time="3.403"/>
  <testcase classname="TestNG.Parallel_Testing" name="fb_Login" time="3.490"/>
</testsuite> <!-- TestNG.Parallel_Testing -->
