<?xml version="1.0" encoding="UTF-8"?>
<!-- Generated by org.testng.reporters.JUnitReportReporter -->
<testsuite hostname="INTEL_COREi3" name="TestNG.OrdOfAnn7" tests="2" failures="0" timestamp="25 Jul 2024 10:40:02 GMT" time="0.017" errors="0">
  <testcase name="test5" time="0.003" classname="TestNG.OrdOfAnn7"/>
  <testcase name="test4" time="0.014" classname="TestNG.OrdOfAnn7"/>
</testsuite> <!-- TestNG.OrdOfAnn7 -->
