<?xml version="1.0" encoding="UTF-8"?>
<!-- Generated by org.testng.reporters.JUnitReportReporter -->
<testsuite hostname="INTEL_COREi3" name="TestNG.Sample2" tests="1" failures="0" timestamp="24 Jul 2024 12:18:50 GMT" time="0.003" errors="0">
  <testcase name="subtract" time="0.003" classname="TestNG.Sample2"/>
</testsuite> <!-- TestNG.Sample2 -->
