<?xml version="1.0" encoding="UTF-8"?>
<!-- Generated by org.testng.reporters.JUnitReportReporter -->
<testsuite hostname="DESKTOP-4098F1B" failures="0" tests="2" name="TestNG.BrowserSelection" time="12.006" errors="0" timestamp="2025-06-02T11:12:42 IST" skipped="0">
  <testcase classname="TestNG.BrowserSelection" name="launch" time="4.586"/>
  <testcase classname="TestNG.BrowserSelection" name="launch" time="7.420"/>
</testsuite> <!-- TestNG.BrowserSelection -->
