<?xml version="1.0" encoding="UTF-8"?>
<!-- Generated by org.testng.reporters.JUnitReportReporter -->
<testsuite hostname="INTEL_COREi3" name="TestNG.PriorityExecution" tests="3" failures="0" timestamp="25 Jul 2024 11:14:04 GMT" time="0.028" errors="0">
  <testcase name="goat" time="0.002" classname="TestNG.PriorityExecution"/>
  <testcase name="tip" time="0.024" classname="TestNG.PriorityExecution"/>
  <testcase name="apple" time="0.002" classname="TestNG.PriorityExecution"/>
</testsuite> <!-- TestNG.PriorityExecution -->
