<?xml version="1.0" encoding="UTF-8"?>
<!-- Generated by org.testng.reporters.JUnitReportReporter -->
<testsuite hostname="DESKTOP-4098F1B" failures="0" tests="6" name="TestNG.Test_WithOut_Priority" time="0.025" errors="0" timestamp="2025-06-02T11:33:35 IST" skipped="0">
  <testcase classname="TestNG.Test_WithOut_Priority" name="Rome" time="0.001"/>
  <testcase classname="TestNG.Test_WithOut_Priority" name="Home" time="0.013"/>
  <testcase classname="TestNG.Test_WithOut_Priority" name="addition" time="0.003"/>
  <testcase classname="TestNG.Test_WithOut_Priority" name="gome" time="0.002"/>
  <testcase classname="TestNG.Test_WithOut_Priority" name="act" time="0.004"/>
  <testcase classname="TestNG.Test_WithOut_Priority" name="Subtraction" time="0.002"/>
</testsuite> <!-- TestNG.Test_WithOut_Priority -->
