<?xml version="1.0" encoding="UTF-8"?>
<!-- Generated by org.testng.reporters.JUnitReportReporter -->
<testsuite hostname="DESKTOP-4098F1B" failures="0" tests="3" name="TestNG.OrderOfAnn3" time="0.014" errors="0" timestamp="2025-05-21T17:11:48 IST" skipped="0">
  <testcase classname="TestNG.OrderOfAnn3" name="test5" time="0.001"/>
  <testcase classname="TestNG.OrderOfAnn3" name="test4" time="0.003"/>
  <testcase classname="TestNG.OrderOfAnn3" name="test2" time="0.010"/>
</testsuite> <!-- TestNG.OrderOfAnn3 -->
