<?xml version="1.0" encoding="UTF-8"?>
<!-- Generated by org.testng.reporters.JUnitReportReporter -->
<testsuite hostname="DESKTOP-4098F1B" failures="0" tests="2" name="TestNG.Practice" time="0.012" errors="0" timestamp="2025-06-22T07:29:21 IST" skipped="0">
  <testcase classname="TestNG.Practice" name="method" time="0.011"/>
  <testcase classname="TestNG.Practice" name="method" time="0.001"/>
</testsuite> <!-- TestNG.Practice -->
