<?xml version="1.0" encoding="UTF-8"?>
<!-- Generated by org.testng.reporters.JUnitReportReporter -->
<testsuite hostname="DESKTOP-4098F1B" failures="0" tests="2" name="TestNG.OrdOfAnn7" time="0.009" errors="0" timestamp="2025-05-21T17:12:38 IST" skipped="0">
  <testcase classname="TestNG.OrdOfAnn7" name="test4" time="0.007"/>
  <testcase classname="TestNG.OrdOfAnn7" name="test5" time="0.002"/>
</testsuite> <!-- TestNG.OrdOfAnn7 -->
