<?xml version="1.0" encoding="UTF-8"?>
<!-- Generated by org.testng.reporters.JUnitReportReporter -->
<testsuite hostname="INTEL_COREi3" name="TestNG.OrderOfAnn2" tests="2" failures="0" timestamp="25 Jul 2024 10:17:54 GMT" time="0.015" errors="0">
  <testcase name="test4" time="0.002" classname="TestNG.OrderOfAnn2"/>
  <testcase name="test2" time="0.013" classname="TestNG.OrderOfAnn2"/>
</testsuite> <!-- TestNG.OrderOfAnn2 -->
