<?xml version="1.0" encoding="UTF-8"?>
<!-- Generated by org.testng.reporters.JUnitReportReporter -->
<testsuite hostname="usa0300vm3739" failures="0" tests="1" name="TestNG.AssertKeyword" time="0.006" errors="0" timestamp="2024-10-05T02:43:43 EDT" skipped="0">
  <testcase classname="TestNG.AssertKeyword" name="keyword" time="0.006"/>
</testsuite> <!-- TestNG.AssertKeyword -->
