<?xml version="1.0" encoding="UTF-8"?>
<!-- Generated by org.testng.reporters.JUnitReportReporter -->
<testsuite hostname="DESKTOP-4098F1B" failures="0" tests="9" name="TestNG.Test_With_Priority" time="0.026" errors="0" timestamp="2025-06-02T11:40:06 IST" skipped="0">
  <testcase classname="TestNG.Test_With_Priority" name="pen" time="0.012"/>
  <testcase classname="TestNG.Test_With_Priority" name="noddy" time="0.001"/>
  <testcase classname="TestNG.Test_With_Priority" name="can" time="0.002"/>
  <testcase classname="TestNG.Test_With_Priority" name="testcaseA" time="0.001"/>
  <testcase classname="TestNG.Test_With_Priority" name="women" time="0.001"/>
  <testcase classname="TestNG.Test_With_Priority" name="act" time="0.003"/>
  <testcase classname="TestNG.Test_With_Priority" name="jug" time="0.002"/>
  <testcase classname="TestNG.Test_With_Priority" name="tip" time="0.002"/>
  <testcase classname="TestNG.Test_With_Priority" name="goat" time="0.002"/>
</testsuite> <!-- TestNG.Test_With_Priority -->
