<?xml version="1.0" encoding="UTF-8"?>
<!-- Generated by org.testng.reporters.JUnitReportReporter -->
<testsuite hostname="INTEL_COREi3" name="TestNG.ParametersPractice" tests="7" failures="0" timestamp="25 Jul 2024 11:50:57 GMT" time="0.044" errors="0">
  <testcase name="male" time="0.001" classname="TestNG.ParametersPractice"/>
  <testcase name="female" time="0.001" classname="TestNG.ParametersPractice"/>
  <testcase name="boy" time="0.001" classname="TestNG.ParametersPractice"/>
  <testcase name="girl" time="0.002" classname="TestNG.ParametersPractice"/>
  <testcase name="boy" time="0.035" classname="TestNG.ParametersPractice"/>
  <testcase name="tip" time="0.002" classname="TestNG.ParametersPractice"/>
  <testcase name="boy" time="0.002" classname="TestNG.ParametersPractice"/>
</testsuite> <!-- TestNG.ParametersPractice -->
