<?xml version="1.0" encoding="UTF-8"?>
<!-- Generated by org.testng.reporters.JUnitReportReporter -->
<testsuite hostname="INTEL_COREi3" name="TestNG.OrderOfAnn3" tests="3" failures="0" timestamp="25 Jul 2024 10:16:32 GMT" time="0.017" errors="0">
  <testcase name="test5" time="0.003" classname="TestNG.OrderOfAnn3"/>
  <testcase name="test4" time="0.002" classname="TestNG.OrderOfAnn3"/>
  <testcase name="test2" time="0.012" classname="TestNG.OrderOfAnn3"/>
</testsuite> <!-- TestNG.OrderOfAnn3 -->
