<?xml version="1.0" encoding="UTF-8"?>
<!-- Generated by org.testng.reporters.JUnitReportReporter -->
<testsuite hostname="DESKTOP-4098F1B" failures="0" tests="5" name="TestNG.DynamicTestdata" time="54.900" errors="0" timestamp="2025-06-19T06:17:49 IST" skipped="0">
  <testcase classname="TestNG.DynamicTestdata" name="testdata" time="10.115"/>
  <testcase classname="TestNG.DynamicTestdata" name="testdata" time="9.604"/>
  <testcase classname="TestNG.DynamicTestdata" name="testdata" time="9.942"/>
  <testcase classname="TestNG.DynamicTestdata" name="testdata" time="15.419"/>
  <testcase classname="TestNG.DynamicTestdata" name="testdata" time="9.820"/>
</testsuite> <!-- TestNG.DynamicTestdata -->
