<?xml version="1.0" encoding="UTF-8"?>
<!-- Generated by org.testng.reporters.JUnitReportReporter -->
<testsuite hostname="INTEL_COREi3" name="TestNG.Assignment1" tests="8" failures="0" timestamp="25 Jul 2024 11:33:03 GMT" time="0.038" errors="0">
  <testcase name="jug" time="0.001" classname="TestNG.Assignment1"/>
  <testcase name="tip" time="0.001" classname="TestNG.Assignment1"/>
  <testcase name="noddy" time="0.001" classname="TestNG.Assignment1"/>
  <testcase name="can" time="0.002" classname="TestNG.Assignment1"/>
  <testcase name="goat" time="0.002" classname="TestNG.Assignment1"/>
  <testcase name="apple" time="0.002" classname="TestNG.Assignment1"/>
  <testcase name="pen" time="0.028" classname="TestNG.Assignment1"/>
  <testcase name="womb" time="0.001" classname="TestNG.Assignment1"/>
</testsuite> <!-- TestNG.Assignment1 -->
