<?xml version="1.0" encoding="UTF-8"?>
<!-- Generated by org.testng.reporters.JUnitReportReporter -->
<testsuite hostname="DESKTOP-4098F1B" failures="0" tests="9" name="TestNG.Cobination_With_Without_Priority_ExecutionOrder" time="0.027" errors="0" timestamp="2025-05-27T16:06:10 IST" skipped="0">
  <testcase classname="TestNG.Cobination_With_Without_Priority_ExecutionOrder" name="noddy" time="0.011"/>
  <testcase classname="TestNG.Cobination_With_Without_Priority_ExecutionOrder" name="testcaseA" time="0.002"/>
  <testcase classname="TestNG.Cobination_With_Without_Priority_ExecutionOrder" name="addition" time="0.002"/>
  <testcase classname="TestNG.Cobination_With_Without_Priority_ExecutionOrder" name="home" time="0.001"/>
  <testcase classname="TestNG.Cobination_With_Without_Priority_ExecutionOrder" name="subtraction" time="0.002"/>
  <testcase classname="TestNG.Cobination_With_Without_Priority_ExecutionOrder" name="act" time="0.002"/>
  <testcase classname="TestNG.Cobination_With_Without_Priority_ExecutionOrder" name="apple" time="0.004"/>
  <testcase classname="TestNG.Cobination_With_Without_Priority_ExecutionOrder" name="jug" time="0.002"/>
  <testcase classname="TestNG.Cobination_With_Without_Priority_ExecutionOrder" name="tip" time="0.001"/>
</testsuite> <!-- TestNG.Cobination_With_Without_Priority_ExecutionOrder -->
