<?xml version="1.0" encoding="UTF-8"?>
<!-- Generated by org.testng.reporters.JUnitReportReporter -->
<testsuite hostname="INTEL_COREi3" name="testNG2.Scenario1" tests="1" failures="0" timestamp="26 Jul 2024 08:49:51 GMT" time="35.298" errors="0">
  <testcase name="action" time="35.298" classname="testNG2.Scenario1"/>
</testsuite> <!-- testNG2.Scenario1 -->
