<?xml version="1.0" encoding="UTF-8"?>
<!-- Generated by org.testng.reporters.JUnitReportReporter -->
<testsuite hostname="INTEL_COREi3" name="TestNG.OrderOfAnn4" tests="2" failures="0" timestamp="25 Jul 2024 10:23:59 GMT" time="0.036" errors="0">
  <testcase name="test4" time="0.015" classname="TestNG.OrderOfAnn4"/>
  <testcase name="test5" time="0.021" classname="TestNG.OrderOfAnn4"/>
</testsuite> <!-- TestNG.OrderOfAnn4 -->
