<?xml version="1.0" encoding="UTF-8"?>
<!-- Generated by org.testng.reporters.JUnitReportReporter -->
<testsuite hostname="usa0300vm3739" failures="0" tests="1" name="testFaceBook.FBScenario1" time="3.646" errors="0" timestamp="2024-08-21T02:07:45 EDT" skipped="0">
  <testcase classname="testFaceBook.FBScenario1" name="testCase1" time="3.646"/>
</testsuite> <!-- testFaceBook.FBScenario1 -->
