<?xml version="1.0" encoding="UTF-8"?>
<!-- Generated by org.testng.reporters.JUnitReportReporter -->
<testsuite hostname="usa0300vm3739" failures="0" tests="1" name="TestNG.Assertion_DemoClass" time="5.223" errors="0" timestamp="2024-12-09T01:02:08 EST" skipped="0">
  <testcase classname="TestNG.Assertion_DemoClass" name="launch" time="5.223"/>
</testsuite> <!-- TestNG.Assertion_DemoClass -->
