<?xml version="1.0" encoding="UTF-8"?>
<!-- Generated by org.testng.reporters.JUnitReportReporter -->
<testsuite hostname="DESKTOP-4098F1B" failures="0" tests="4" name="TestNG.OrderOfAnn5" time="0.016" errors="0" timestamp="2025-05-21T17:09:15 IST" skipped="0">
  <testcase classname="TestNG.OrderOfAnn5" name="subtraction" time="0.002"/>
  <testcase classname="TestNG.OrderOfAnn5" name="addition" time="0.001"/>
  <testcase classname="TestNG.OrderOfAnn5" name="home" time="0.002"/>
  <testcase classname="TestNG.OrderOfAnn5" name="act" time="0.011"/>
</testsuite> <!-- TestNG.OrderOfAnn5 -->
