<?xml version="1.0" encoding="UTF-8"?>
<!-- Generated by org.testng.reporters.JUnitReportReporter -->
<testsuite hostname="INTEL_COREi3" name="TestNG.OrderOfAnnotation" tests="1" failures="0" timestamp="25 Jul 2024 10:17:38 GMT" time="0.014" errors="0">
  <testcase name="test2" time="0.014" classname="TestNG.OrderOfAnnotation"/>
</testsuite> <!-- TestNG.OrderOfAnnotation -->
