<?xml version="1.0" encoding="UTF-8"?>
<!-- Generated by org.testng.reporters.JUnitReportReporter -->
<testsuite hostname="usa0300vm3739" failures="0" tests="1" name="sourceFaceBook.Login" time="6.629" errors="0" timestamp="2024-10-11T07:44:30 EDT" skipped="0">
  <testcase classname="sourceFaceBook.Login" name="login" time="6.629"/>
</testsuite> <!-- sourceFaceBook.Login -->
