<?xml version="1.0" encoding="UTF-8"?>
<!-- Generated by org.testng.reporters.JUnitReportReporter -->
<testsuite hostname="usa0300vm3739" failures="0" tests="1" name="tests.TwoTest" time="38.931" errors="0" timestamp="2025-04-03T02:26:54 EDT" skipped="0">
  <testcase classname="tests.TwoTest" name="testTwo" time="38.931"/>
</testsuite> <!-- tests.TwoTest -->
