<?xml version="1.0" encoding="UTF-8"?>
<!-- Generated by org.testng.reporters.JUnitReportReporter -->
<testsuite hostname="usa0300vm3739" failures="0" tests="2" name="tests.LoginTest" time="170.407" errors="0" timestamp="2025-04-02T02:32:27 EDT" skipped="0">
  <testcase classname="tests.LoginTest" name="login" time="38.979"/>
  <testcase classname="tests.LoginTest" name="login" time="131.428"/>
</testsuite> <!-- tests.LoginTest -->
